<?xml version="1.0" encoding="UTF-8"?>
<testsuite xmlns:xsi="http://www.w3.org/2001/XMLSchema-instance" xsi:noNamespaceSchemaLocation="https://maven.apache.org/surefire/maven-surefire-plugin/xsd/surefire-test-report.xsd" version="3.0.2" name="com.br.CareerUp.CareerUpApplicationTests" time="24.516" tests="1" errors="0" skipped="0" failures="0">
  <properties>
[...]
</properties>
  <testcase name="contextLoads" classname="com.br.CareerUp.CareerUpApplicationTests" time="0.351">
    <system-out><![CDATA[23:26:50.126 [main] INFO org.springframework.test.context.support.AnnotationConfigContextLoaderUtils -- Could not detect default configuration classes for test class [com.br.CareerUp.CareerUpApplicationTests]: CareerUpApplicationTests does not declare any static, non-private, non-final, nested classes annotated with @Configuration.
23:26:50.242 [main] INFO org.springframework.boot.test.context.SpringBootTestContextBootstrapper -- Found @SpringBootConfiguration com.br.CareerUp.CareerUpApplication for test class com.br.CareerUp.CareerUpApplicationTests
23:26:50.425 [main] INFO org.springframework.boot.devtools.restart.RestartApplicationListener -- Restart disabled due to context in which it is running

  .   ____          _            __ _ _
 /\\ / ___'_ __ _ _(_)_ __  __ _ \ \ \ \
( ( )\___ | '_ | '_| | '_ \/ _` | \ \ \ \
 \\/  ___)| |_)| | | | | || (_| |  ) ) ) )
  '  |____| .__|_| |_|_| |_\__, | / / / /
 =========|_|==============|___/=/_/_/_/

 :: Spring Boot ::                (v3.5.7)

2025-11-19T23:26:50.735-03:00  INFO 20168 --- [CareerUp] [           main] c.br.CareerUp.CareerUpApplicationTests   : Starting CareerUpApplicationTests using Java 21.0.1 with PID 20168 (started by vinil in C:\2TDSPY\devops_global_2\CareerUpDevops)
2025-11-19T23:26:50.737-03:00  INFO 20168 --- [CareerUp] [           main] c.br.CareerUp.CareerUpApplicationTests   : No active profile set, falling back to 1 default profile: "default"
2025-11-19T23:26:51.708-03:00  INFO 20168 --- [CareerUp] [           main] .s.d.r.c.RepositoryConfigurationDelegate : Bootstrapping Spring Data JPA repositories in DEFAULT mode.
2025-11-19T23:26:51.855-03:00  INFO 20168 --- [CareerUp] [           main] .s.d.r.c.RepositoryConfigurationDelegate : Finished Spring Data repository scanning in 132 ms. Found 5 JPA repository interfaces.
2025-11-19T23:26:52.620-03:00  INFO 20168 --- [CareerUp] [           main] o.hibernate.jpa.internal.util.LogHelper  : HHH000204: Processing PersistenceUnitInfo [name: default]
2025-11-19T23:26:52.691-03:00  INFO 20168 --- [CareerUp] [           main] org.hibernate.Version                    : HHH000412: Hibernate ORM core version 6.6.33.Final
2025-11-19T23:26:52.731-03:00  INFO 20168 --- [CareerUp] [           main] o.h.c.internal.RegionFactoryInitiator    : HHH000026: Second-level cache disabled
2025-11-19T23:26:53.042-03:00  INFO 20168 --- [CareerUp] [           main] o.s.o.j.p.SpringPersistenceUnitInfo      : No LoadTimeWeaver setup: ignoring JPA class transformer
2025-11-19T23:26:53.074-03:00  INFO 20168 --- [CareerUp] [           main] com.zaxxer.hikari.HikariDataSource       : HikariPool-1 - Starting...
2025-11-19T23:26:53.080-03:00  WARN 20168 --- [CareerUp] [           main] c.zaxxer.hikari.util.DriverDataSource    : Registered driver with driverClassName=oracle.jdbc.driver.OracleDriver was not found, trying direct instantiation.
2025-11-19T23:26:53.594-03:00  INFO 20168 --- [CareerUp] [           main] com.zaxxer.hikari.pool.HikariPool        : HikariPool-1 - Added connection oracle.jdbc.driver.T4CConnection@33373f70
2025-11-19T23:26:53.595-03:00  INFO 20168 --- [CareerUp] [           main] com.zaxxer.hikari.HikariDataSource       : HikariPool-1 - Start completed.
2025-11-19T23:26:53.793-03:00  WARN 20168 --- [CareerUp] [           main] org.hibernate.orm.deprecation            : HHH90000025: OracleDialect does not need to be specified explicitly using 'hibernate.dialect' (remove the property setting and it will be selected by default)
2025-11-19T23:26:53.934-03:00  INFO 20168 --- [CareerUp] [           main] org.hibernate.orm.connections.pooling    : HHH10001005: Database info:
	Database JDBC URL [Connecting through datasource 'HikariDataSource (HikariPool-1)']
	Database driver: undefined/unknown
	Database version: 19.3
	Autocommit mode: undefined/unknown
	Isolation level: undefined/unknown
	Minimum pool size: undefined/unknown
	Maximum pool size: undefined/unknown
2025-11-19T23:26:54.820-03:00  INFO 20168 --- [CareerUp] [           main] o.h.e.t.j.p.i.JtaPlatformInitiator       : HHH000489: No JTA platform available (set 'hibernate.transaction.jta.platform' to enable JTA platform integration)
2025-11-19T23:27:10.435-03:00  INFO 20168 --- [CareerUp] [           main] j.LocalContainerEntityManagerFactoryBean : Initialized JPA EntityManagerFactory for persistence unit 'default'
2025-11-19T23:27:11.421-03:00  WARN 20168 --- [CareerUp] [           main] JpaBaseConfiguration$JpaWebConfiguration : spring.jpa.open-in-view is enabled by default. Therefore, database queries may be performed during view rendering. Explicitly configure spring.jpa.open-in-view to disable this warning
2025-11-19T23:27:11.606-03:00  INFO 20168 --- [CareerUp] [           main] eAuthenticationProviderManagerConfigurer : Global AuthenticationManager configured with AuthenticationProvider bean with name authenticationProvider
2025-11-19T23:27:11.607-03:00  WARN 20168 --- [CareerUp] [           main] r$InitializeUserDetailsManagerConfigurer : Global AuthenticationManager configured with an AuthenticationProvider bean. UserDetailsService beans will not be used by Spring Security for automatically configuring username/password login. Consider removing the AuthenticationProvider bean. Alternatively, consider using the UserDetailsService in a manually instantiated DaoAuthenticationProvider. If the current configuration is intentional, to turn off this warning, increase the logging level of 'org.springframework.security.config.annotation.authentication.configuration.InitializeUserDetailsBeanManagerConfigurer' to ERROR
2025-11-19T23:27:12.247-03:00  INFO 20168 --- [CareerUp] [           main] o.s.a.r.c.CachingConnectionFactory       : Attempting to connect to: [toad.rmq.cloudamqp.com:5671]
2025-11-19T23:27:13.240-03:00  INFO 20168 --- [CareerUp] [           main] o.s.a.r.c.CachingConnectionFactory       : Created new connection: rabbitConnectionFactory#25a218a:0/SimpleConnection@1fe8a2fc [delegate=amqp://mfcekmeu@44.193.160.47:5671/mfcekmeu, localPort=51413]
2025-11-19T23:27:14.128-03:00  INFO 20168 --- [CareerUp] [           main] c.br.CareerUp.CareerUpApplicationTests   : Started CareerUpApplicationTests in 23.714 seconds (process running for 24.694)
]]></system-out>
    <system-err><![CDATA[Mockito is currently self-attaching to enable the inline-mock-maker. This will no longer work in future releases of the JDK. Please add Mockito as an agent to your build as described in Mockito's documentation: https://javadoc.io/doc/org.mockito/mockito-core/latest/org.mockito/org/mockito/Mockito.html#0.3
WARNING: A Java agent has been loaded dynamically (C:\Users\vinil\.m2\repository\net\bytebuddy\byte-buddy-agent\1.17.8\byte-buddy-agent-1.17.8.jar)
WARNING: If a serviceability tool is in use, please run with -XX:+EnableDynamicAgentLoading to hide this warning
WARNING: If a serviceability tool is not in use, please run with -Djdk.instrument.traceUsage for more information
WARNING: Dynamic loading of agents will be disallowed by default in a future release
]]></system-err>
  </testcase>
</testsuite>